<?xml version="1.0" encoding="UTF-8" ?>
<testsuites disabled="0" errors="0" failures="1" tests="1" time="10.787">
 <testsuite name="Search:" timestamp="2019-11-29T11:38:59" hostname="localhost" time="10.787" errors="0" tests="1" skipped="0" disabled="0" failures="1">
  <testcase classname="Search:" name="Search for Given Text" time="10.776">
   <failure type="exception" message="Failed: No element found using locator: By(css selector, *[id=&quot;lst-ib&quot;])"><![CDATA[NoSuchElementError: No element found using locator: By(css selector, *[id="lst-ib"])
    at C:\Users\muris.cengic\AppData\Roaming\npm\node_modules\protractor\built\element.js:814:27
    at ManagedPromise.invokeCallback_ (C:\Users\muris.cengic\AppData\Roaming\npm\node_modules\protractor\node_modules\selenium-webdriver\lib\promise.js:1376:14)
    at TaskQueue.execute_ (C:\Users\muris.cengic\AppData\Roaming\npm\node_modules\protractor\node_modules\selenium-webdriver\lib\promise.js:3084:14)
    at TaskQueue.executeNext_ (C:\Users\muris.cengic\AppData\Roaming\npm\node_modules\protractor\node_modules\selenium-webdriver\lib\promise.js:3067:27)
    at C:\Users\muris.cengic\AppData\Roaming\npm\node_modules\protractor\node_modules\selenium-webdriver\lib\promise.js:2927:27
    at C:\Users\muris.cengic\AppData\Roaming\npm\node_modules\protractor\node_modules\selenium-webdriver\lib\promise.js:668:7
    at processTicksAndRejections (internal/process/task_queues.js:93:5)Error
    at ElementArrayFinder.applyAction_ (C:\Users\muris.cengic\AppData\Roaming\npm\node_modules\protractor\built\element.js:459:27)
    at ElementArrayFinder.<computed> [as sendKeys] (C:\Users\muris.cengic\AppData\Roaming\npm\node_modules\protractor\built\element.js:91:29)
    at ElementFinder.<computed> [as sendKeys] (C:\Users\muris.cengic\AppData\Roaming\npm\node_modules\protractor\built\element.js:831:22)
    at UserContext.<anonymous> (C:\Users\muris.cengic\Desktop\ProtractorEndToEnd\ProtractorEndToEndTest\EndToEndTests\EndToEndTests\e2e\src\module2\google.e2e-spec.ts:17:36)
    at C:\Users\muris.cengic\AppData\Roaming\npm\node_modules\protractor\node_modules\jasminewd2\index.js:112:25
    at new ManagedPromise (C:\Users\muris.cengic\AppData\Roaming\npm\node_modules\protractor\node_modules\selenium-webdriver\lib\promise.js:1077:7)
    at ControlFlow.promise (C:\Users\muris.cengic\AppData\Roaming\npm\node_modules\protractor\node_modules\selenium-webdriver\lib\promise.js:2505:12)
    at schedulerExecute (C:\Users\muris.cengic\AppData\Roaming\npm\node_modules\protractor\node_modules\jasminewd2\index.js:95:18)
    at TaskQueue.execute_ (C:\Users\muris.cengic\AppData\Roaming\npm\node_modules\protractor\node_modules\selenium-webdriver\lib\promise.js:3084:14)
    at TaskQueue.executeNext_ (C:\Users\muris.cengic\AppData\Roaming\npm\node_modules\protractor\node_modules\selenium-webdriver\lib\promise.js:3067:27)
From: Task: Run it("Search for Given Text") in control flow
    at UserContext.<anonymous> (C:\Users\muris.cengic\AppData\Roaming\npm\node_modules\protractor\node_modules\jasminewd2\index.js:94:19)
    at attempt (C:\Users\muris.cengic\AppData\Roaming\npm\node_modules\protractor\node_modules\jasmine-core\lib\jasmine-core\jasmine.js:4297:26)
    at QueueRunner.run (C:\Users\muris.cengic\AppData\Roaming\npm\node_modules\protractor\node_modules\jasmine-core\lib\jasmine-core\jasmine.js:4217:20)
    at runNext (C:\Users\muris.cengic\AppData\Roaming\npm\node_modules\protractor\node_modules\jasmine-core\lib\jasmine-core\jasmine.js:4257:20)
    at C:\Users\muris.cengic\AppData\Roaming\npm\node_modules\protractor\node_modules\jasmine-core\lib\jasmine-core\jasmine.js:4264:13
    at C:\Users\muris.cengic\AppData\Roaming\npm\node_modules\protractor\node_modules\jasmine-core\lib\jasmine-core\jasmine.js:4172:9
    at C:\Users\muris.cengic\AppData\Roaming\npm\node_modules\protractor\node_modules\jasminewd2\index.js:64:48
    at ControlFlow.emit (C:\Users\muris.cengic\AppData\Roaming\npm\node_modules\protractor\node_modules\selenium-webdriver\lib\events.js:62:21)
    at ControlFlow.shutdown_ (C:\Users\muris.cengic\AppData\Roaming\npm\node_modules\protractor\node_modules\selenium-webdriver\lib\promise.js:2674:10)
    at C:\Users\muris.cengic\AppData\Roaming\npm\node_modules\protractor\node_modules\selenium-webdriver\lib\promise.js:2599:53
From asynchronous test: 
Error
    at Suite.<anonymous> (C:\Users\muris.cengic\Desktop\ProtractorEndToEnd\ProtractorEndToEndTest\EndToEndTests\EndToEndTests\e2e\src\module2\google.e2e-spec.ts:15:5)
    at addSpecsToSuite (C:\Users\muris.cengic\AppData\Roaming\npm\node_modules\protractor\node_modules\jasmine-core\lib\jasmine-core\jasmine.js:1107:25)
    at Env.describe (C:\Users\muris.cengic\AppData\Roaming\npm\node_modules\protractor\node_modules\jasmine-core\lib\jasmine-core\jasmine.js:1074:7)
    at describe (C:\Users\muris.cengic\AppData\Roaming\npm\node_modules\protractor\node_modules\jasmine-core\lib\jasmine-core\jasmine.js:4399:18)
    at Object.<anonymous> (C:\Users\muris.cengic\Desktop\ProtractorEndToEnd\ProtractorEndToEndTest\EndToEndTests\EndToEndTests\e2e\src\module2\google.e2e-spec.ts:6:1)
    at Module._compile (internal/modules/cjs/loader.js:971:30)
    at Module.m._compile (C:\Users\muris.cengic\Desktop\ProtractorEndToEnd\ProtractorEndToEndTest\EndToEndTests\EndToEndTests\node_modules\ts-node\src\index.ts:439:23)
    at Module._extensions..js (internal/modules/cjs/loader.js:1011:10)
    at Object.require.extensions.<computed> [as .ts] (C:\Users\muris.cengic\Desktop\ProtractorEndToEnd\ProtractorEndToEndTest\EndToEndTests\EndToEndTests\node_modules\ts-node\src\index.ts:442:12)]]>
   </failure>
  </testcase>
 </testsuite>
</testsuites>